<?xml version="1.0" encoding="UTF-8"?>
<!-- Generated by org.testng.reporters.JUnitXMLReporter -->
<testsuite hostname="DeeshaST123" ignored="0" name="Test1" tests="3" failures="0" timestamp="2022-11-10T10:46:17 IST" time="0.411" errors="0">
  <testcase name="test1" time="0.08" classname="com.qa.tests.TestNGGroups"/>
  <testcase name="test2" time="0.004" classname="com.qa.tests.TestNGGroups"/>
  <testcase name="test3" time="0.004" classname="com.qa.tests.TestNGGroups"/>
</testsuite> <!-- Test1 -->
