<?xml version="1.0" encoding="UTF-8"?>
<testng-results ignored="0" total="1" passed="1" failed="0" skipped="0">
  <reporter-output>
  </reporter-output>
  <suite started-at="2023-02-28T12:42:32 IST" name="Default suite" finished-at="2023-02-28T12:43:02 IST" duration-ms="30226">
    <groups>
    </groups>
    <test started-at="2023-02-28T12:42:32 IST" name="Default test" finished-at="2023-02-28T12:43:02 IST" duration-ms="30226">
      <class name="com.qa.tests.TaskPageTest">
        <test-method is-config="true" signature="setExtent()[pri:0, instance:com.qa.tests.TaskPageTest@7f7af971]" started-at="2023-02-28T12:42:32 IST" name="setExtent" finished-at="2023-02-28T12:42:39 IST" duration-ms="7003" status="PASS">
          <reporter-output>
          </reporter-output>
        </test-method> <!-- setExtent -->
        <test-method signature="taskPageTest(java.lang.String,java.lang.String,java.lang.String)[pri:1, instance:com.qa.tests.TaskPageTest@7f7af971]" started-at="2023-02-28T12:42:40 IST" name="taskPageTest" data-provider="test5data" finished-at="2023-02-28T12:43:02 IST" duration-ms="21459" status="PASS">
          <params>
            <param index="0">
              <value>
                <![CDATA[]]>
              </value>
            </param>
            <param index="1">
              <value>
                <![CDATA[Adding Task of Development]]>
              </value>
            </param>
            <param index="2">
              <value>
                <![CDATA[80]]>
              </value>
            </param>
          </params>
          <reporter-output>
          </reporter-output>
        </test-method> <!-- taskPageTest -->
        <test-method is-config="true" signature="TearDown()[pri:0, instance:com.qa.tests.TaskPageTest@7f7af971]" started-at="2023-02-28T12:43:02 IST" name="TearDown" finished-at="2023-02-28T12:43:02 IST" duration-ms="663" status="PASS">
          <reporter-output>
          </reporter-output>
        </test-method> <!-- TearDown -->
      </class> <!-- com.qa.tests.TaskPageTest -->
    </test> <!-- Default test -->
  </suite> <!-- Default suite -->
</testng-results>
